The C compiler identification could not be found in "/home/df/Documents/workspace/async_runtime/cmake-build-debug-coverage/CMakeFiles/3.20.2/CompilerIdC/a-CMakeCCompilerId.gcno"

The CXX compiler identification could not be found in "/home/df/Documents/workspace/async_runtime/cmake-build-debug-coverage/CMakeFiles/3.20.2/CompilerIdCXX/a-CMakeCXXCompilerId.gcno"

Performing C SOURCE FILE Test CMAKE_HAVE_LIBC_PTHREAD failed with the following output:
Change Dir: /home/df/Documents/workspace/async_runtime/cmake-build-debug-coverage/CMakeFiles/CMakeTmp

Run Build Command(s):/usr/bin/gmake -f Makefile cmTC_f4087/fast && /usr/bin/gmake  -f CMakeFiles/cmTC_f4087.dir/build.make CMakeFiles/cmTC_f4087.dir/build
gmake[1]: Entering directory '/home/df/Documents/workspace/async_runtime/cmake-build-debug-coverage/CMakeFiles/CMakeTmp'
Building C object CMakeFiles/cmTC_f4087.dir/src.c.o
/usr/bin/cc -DCMAKE_HAVE_LIBC_PTHREAD  --coverage  -o CMakeFiles/cmTC_f4087.dir/src.c.o -c /home/df/Documents/workspace/async_runtime/cmake-build-debug-coverage/CMakeFiles/CMakeTmp/src.c
Linking C executable cmTC_f4087
/home/df/Documents/install/CLion-2021.2.3/clion-2021.2.3/bin/cmake/linux/bin/cmake -E cmake_link_script CMakeFiles/cmTC_f4087.dir/link.txt --verbose=1
/usr/bin/cc --coverage  -rdynamic CMakeFiles/cmTC_f4087.dir/src.c.o -o cmTC_f4087 
/usr/bin/ld: CMakeFiles/cmTC_f4087.dir/src.c.o: in function `main':
src.c:(.text+0x51): undefined reference to `pthread_create'
/usr/bin/ld: src.c:(.text+0x6f): undefined reference to `pthread_detach'
/usr/bin/ld: src.c:(.text+0x8d): undefined reference to `pthread_cancel'
/usr/bin/ld: src.c:(.text+0xb0): undefined reference to `pthread_join'
collect2: error: ld returned 1 exit status
gmake[1]: *** [CMakeFiles/cmTC_f4087.dir/build.make:99: cmTC_f4087] Error 1
gmake[1]: Leaving directory '/home/df/Documents/workspace/async_runtime/cmake-build-debug-coverage/CMakeFiles/CMakeTmp'
gmake: *** [Makefile:127: cmTC_f4087/fast] Error 2


Source file was:
#include <pthread.h>

static void* test_func(void* data)
{
  return data;
}

int main(void)
{
  pthread_t thread;
  pthread_create(&thread, NULL, test_func, NULL);
  pthread_detach(thread);
  pthread_cancel(thread);
  pthread_join(thread, NULL);
  pthread_atfork(NULL, NULL, NULL);
  pthread_exit(NULL);

  return 0;
}

Determining if the function pthread_create exists in the pthreads failed with the following output:
Change Dir: /home/df/Documents/workspace/async_runtime/cmake-build-debug-coverage/CMakeFiles/CMakeTmp

Run Build Command(s):/usr/bin/gmake -f Makefile cmTC_a95cd/fast && /usr/bin/gmake  -f CMakeFiles/cmTC_a95cd.dir/build.make CMakeFiles/cmTC_a95cd.dir/build
gmake[1]: Entering directory '/home/df/Documents/workspace/async_runtime/cmake-build-debug-coverage/CMakeFiles/CMakeTmp'
Building C object CMakeFiles/cmTC_a95cd.dir/CheckFunctionExists.c.o
/usr/bin/cc   --coverage -DCHECK_FUNCTION_EXISTS=pthread_create -o CMakeFiles/cmTC_a95cd.dir/CheckFunctionExists.c.o -c /home/df/Documents/install/CLion-2021.2.3/clion-2021.2.3/bin/cmake/linux/share/cmake-3.20/Modules/CheckFunctionExists.c
Linking C executable cmTC_a95cd
/home/df/Documents/install/CLion-2021.2.3/clion-2021.2.3/bin/cmake/linux/bin/cmake -E cmake_link_script CMakeFiles/cmTC_a95cd.dir/link.txt --verbose=1
/usr/bin/cc --coverage -DCHECK_FUNCTION_EXISTS=pthread_create -rdynamic CMakeFiles/cmTC_a95cd.dir/CheckFunctionExists.c.o -o cmTC_a95cd  -lpthreads 
/usr/bin/ld: cannot find -lpthreads
collect2: error: ld returned 1 exit status
gmake[1]: *** [CMakeFiles/cmTC_a95cd.dir/build.make:99: cmTC_a95cd] Error 1
gmake[1]: Leaving directory '/home/df/Documents/workspace/async_runtime/cmake-build-debug-coverage/CMakeFiles/CMakeTmp'
gmake: *** [Makefile:127: cmTC_a95cd/fast] Error 2



